INFO 2022-04-23 10:14:29,272 autoreload 6280 7636 Watching for file changes with StatReloader
INFO 2022-04-23 10:14:33,177 basehttp 6280 24596 "GET /admin HTTP/1.1" 301 0
INFO 2022-04-23 10:14:33,308 basehttp 6280 24596 "GET /admin/ HTTP/1.1" 302 0
INFO 2022-04-23 10:14:33,377 basehttp 6280 24596 "GET /admin/login/?next=/admin/ HTTP/1.1" 200 11840
INFO 2022-04-23 10:14:33,430 basehttp 6280 24596 "GET /static/admin/css/base.css HTTP/1.1" 200 19513
INFO 2022-04-23 10:14:33,430 basehttp 6280 28408 "GET /static/admin/css/nav_sidebar.css HTTP/1.1" 200 2271
INFO 2022-04-23 10:14:33,430 basehttp 6280 26940 "GET /static/admin/css/login.css HTTP/1.1" 200 939
INFO 2022-04-23 10:14:33,430 basehttp 6280 10264 "GET /static/admin/js/nav_sidebar.js HTTP/1.1" 200 1360
INFO 2022-04-23 10:14:33,430 basehttp 6280 4024 "GET /static/debug_toolbar/css/toolbar.css HTTP/1.1" 200 11479
INFO 2022-04-23 10:14:33,447 basehttp 6280 29224 "GET /static/admin/css/responsive.css HTTP/1.1" 200 18545
INFO 2022-04-23 10:14:33,455 basehttp 6280 24596 "GET /static/debug_toolbar/js/toolbar.js HTTP/1.1" 200 11275
INFO 2022-04-23 10:14:33,462 basehttp 6280 4024 "GET /static/admin/css/fonts.css HTTP/1.1" 304 0
INFO 2022-04-23 10:14:33,478 basehttp 6280 29224 "GET /static/debug_toolbar/js/utils.js HTTP/1.1" 200 3531
INFO 2022-04-23 10:14:33,478 basehttp 6280 4024 "GET /static/debug_toolbar/css/print.css HTTP/1.1" 200 43
INFO 2022-04-23 10:14:58,718 basehttp 6280 24596 "POST /admin/login/?next=/admin/ HTTP/1.1" 200 12011
INFO 2022-04-23 10:15:31,490 basehttp 6280 24596 "POST /admin/login/?next=/admin/ HTTP/1.1" 200 12011
INFO 2022-04-23 10:15:43,868 basehttp 6280 24596 "POST /admin/login/?next=/admin/ HTTP/1.1" 200 12011
INFO 2022-04-23 10:15:57,169 basehttp 6280 24596 "POST /admin/login/?next=/admin/ HTTP/1.1" 200 12011
INFO 2022-04-23 10:16:25,793 basehttp 6280 24596 "POST /admin/login/?next=/admin/ HTTP/1.1" 200 12011
INFO 2022-04-23 10:16:59,530 basehttp 6280 24596 "POST /admin/login/?next=/admin/ HTTP/1.1" 200 12011
INFO 2022-04-23 10:17:10,934 basehttp 6280 24596 "POST /admin/login/?next=/admin/ HTTP/1.1" 200 12012
INFO 2022-04-23 10:18:04,492 basehttp 6280 24596 "POST /admin/login/?next=/admin/ HTTP/1.1" 200 12011
INFO 2022-04-23 10:18:36,597 basehttp 6280 24596 "POST /admin/login/?next=/admin/ HTTP/1.1" 302 0
INFO 2022-04-23 10:18:36,770 basehttp 6280 24596 "GET /admin/ HTTP/1.1" 200 14120
INFO 2022-04-23 10:18:36,836 basehttp 6280 24596 "GET /static/admin/css/dashboard.css HTTP/1.1" 200 380
INFO 2022-04-23 10:18:36,854 basehttp 6280 24596 "GET /static/admin/img/icon-changelink.svg HTTP/1.1" 200 380
INFO 2022-04-23 10:18:36,854 basehttp 6280 24108 "GET /static/admin/img/icon-addlink.svg HTTP/1.1" 200 331
INFO 2022-04-23 10:26:48,814 basehttp 6280 27272 "GET /admin/project/targetaudience/ HTTP/1.1" 200 15031
INFO 2022-04-23 10:26:48,876 basehttp 6280 5960 "GET /static/admin/css/changelists.css HTTP/1.1" 200 6874
INFO 2022-04-23 10:26:48,876 basehttp 6280 16044 "GET /static/admin/js/jquery.init.js HTTP/1.1" 200 347
INFO 2022-04-23 10:26:48,890 basehttp 6280 23800 "GET /static/admin/js/core.js HTTP/1.1" 200 5698
INFO 2022-04-23 10:26:48,894 basehttp 6280 18380 "GET /static/admin/js/admin/RelatedObjectLookups.js HTTP/1.1" 200 5984
INFO 2022-04-23 10:26:48,898 basehttp 6280 23800 "GET /static/admin/js/prepopulate.js HTTP/1.1" 200 1531
INFO 2022-04-23 10:26:48,899 basehttp 6280 5960 "GET /static/admin/js/actions.js HTTP/1.1" 200 7867
INFO 2022-04-23 10:26:48,903 basehttp 6280 16044 "GET /static/admin/js/urlify.js HTTP/1.1" 200 7902
INFO 2022-04-23 10:26:48,971 basehttp 6280 23120 "GET /static/admin/js/vendor/jquery/jquery.js HTTP/1.1" 200 287630
INFO 2022-04-23 10:26:48,986 basehttp 6280 27272 "GET /admin/jsi18n/ HTTP/1.1" 200 3195
INFO 2022-04-23 10:26:48,988 basehttp 6280 18380 "GET /static/admin/js/vendor/xregexp/xregexp.js HTTP/1.1" 200 232381
INFO 2022-04-23 10:26:49,014 basehttp 6280 23120 "GET /static/admin/img/tooltag-add.svg HTTP/1.1" 200 331
INFO 2022-04-23 10:26:53,864 basehttp 6280 23120 "GET /admin/project/targetaudience/add/ HTTP/1.1" 200 16037
INFO 2022-04-23 10:26:53,918 basehttp 6280 16044 "GET /static/admin/js/change_form.js HTTP/1.1" 200 606
INFO 2022-04-23 10:26:53,918 basehttp 6280 23120 "GET /static/admin/css/forms.css HTTP/1.1" 200 8804
INFO 2022-04-23 10:26:53,918 basehttp 6280 5960 "GET /static/admin/js/prepopulate_init.js HTTP/1.1" 200 492
INFO 2022-04-23 10:26:53,944 basehttp 6280 23120 "GET /static/admin/css/widgets.css HTTP/1.1" 200 11097
INFO 2022-04-23 10:26:53,990 basehttp 6280 18380 "GET /admin/jsi18n/ HTTP/1.1" 200 3195
INFO 2022-04-23 10:27:02,194 basehttp 6280 23120 "POST /admin/project/targetaudience/add/ HTTP/1.1" 302 0
INFO 2022-04-23 10:27:02,367 basehttp 6280 23120 "GET /admin/project/targetaudience/ HTTP/1.1" 200 16444
INFO 2022-04-23 10:27:02,483 basehttp 6280 23120 "GET /admin/jsi18n/ HTTP/1.1" 200 3195
INFO 2022-04-23 10:27:02,506 basehttp 6280 23120 "GET /static/admin/img/icon-yes.svg HTTP/1.1" 200 436
INFO 2022-04-23 10:27:06,603 basehttp 6280 23120 "GET /admin/project/targetaudience/add/ HTTP/1.1" 200 16036
INFO 2022-04-23 10:27:06,712 basehttp 6280 23120 "GET /admin/jsi18n/ HTTP/1.1" 200 3195
INFO 2022-04-23 10:27:10,250 basehttp 6280 23120 "POST /admin/project/targetaudience/add/ HTTP/1.1" 302 0
INFO 2022-04-23 10:27:10,411 basehttp 6280 23120 "GET /admin/project/targetaudience/ HTTP/1.1" 200 16665
INFO 2022-04-23 10:27:10,523 basehttp 6280 23120 "GET /admin/jsi18n/ HTTP/1.1" 200 3195
INFO 2022-04-23 10:27:12,153 basehttp 6280 23120 "GET /admin/project/targetaudience/add/ HTTP/1.1" 200 16036
INFO 2022-04-23 10:27:12,271 basehttp 6280 23120 "GET /admin/jsi18n/ HTTP/1.1" 200 3195
INFO 2022-04-23 10:27:16,507 basehttp 6280 23120 "POST /admin/project/targetaudience/add/ HTTP/1.1" 302 0
INFO 2022-04-23 10:27:16,674 basehttp 6280 23120 "GET /admin/project/targetaudience/ HTTP/1.1" 200 16894
INFO 2022-04-23 10:27:16,787 basehttp 6280 23120 "GET /admin/jsi18n/ HTTP/1.1" 200 3195
INFO 2022-04-23 10:27:24,009 basehttp 6280 23120 "GET /admin/project/targetaudience/add/ HTTP/1.1" 200 16036
INFO 2022-04-23 10:27:24,115 basehttp 6280 23120 "GET /admin/jsi18n/ HTTP/1.1" 200 3195
INFO 2022-04-23 10:27:27,881 basehttp 6280 23120 "POST /admin/project/targetaudience/add/ HTTP/1.1" 302 0
INFO 2022-04-23 10:27:28,053 basehttp 6280 23120 "GET /admin/project/targetaudience/ HTTP/1.1" 200 17120
INFO 2022-04-23 10:27:28,165 basehttp 6280 23120 "GET /admin/jsi18n/ HTTP/1.1" 200 3195
INFO 2022-04-23 10:27:31,893 basehttp 6280 23120 "GET /admin/project/targetaudience/add/ HTTP/1.1" 200 16036
INFO 2022-04-23 10:27:32,009 basehttp 6280 23120 "GET /admin/jsi18n/ HTTP/1.1" 200 3195
INFO 2022-04-23 10:27:32,038 basehttp 6280 23120 "GET /static/debug_toolbar/css/print.css HTTP/1.1" 200 43
INFO 2022-04-23 10:27:37,413 basehttp 6280 23120 "POST /admin/project/targetaudience/add/ HTTP/1.1" 302 0
INFO 2022-04-23 10:27:37,586 basehttp 6280 23120 "GET /admin/project/targetaudience/ HTTP/1.1" 200 17345
INFO 2022-04-23 10:27:37,617 basehttp 6280 18380 "GET /static/debug_toolbar/js/toolbar.js HTTP/1.1" 304 0
INFO 2022-04-23 10:27:37,633 basehttp 6280 18380 "GET /static/debug_toolbar/css/toolbar.css HTTP/1.1" 304 0
INFO 2022-04-23 10:27:37,648 basehttp 6280 18380 "GET /static/debug_toolbar/js/utils.js HTTP/1.1" 304 0
INFO 2022-04-23 10:27:37,702 basehttp 6280 23120 "GET /admin/jsi18n/ HTTP/1.1" 200 3195
INFO 2022-04-23 10:27:45,578 basehttp 6280 23120 "POST /admin/project/targetaudience/ HTTP/1.1" 200 15153
INFO 2022-04-23 10:27:45,625 basehttp 6280 23120 "GET /static/admin/js/cancel.js HTTP/1.1" 200 884
INFO 2022-04-23 10:27:47,514 basehttp 6280 23120 "POST /admin/project/targetaudience/ HTTP/1.1" 302 0
INFO 2022-04-23 10:27:47,685 basehttp 6280 23120 "GET /admin/project/targetaudience/ HTTP/1.1" 200 17043
INFO 2022-04-23 10:27:47,783 basehttp 6280 23120 "GET /admin/jsi18n/ HTTP/1.1" 200 3195
INFO 2022-04-23 10:27:50,662 basehttp 6280 23120 "GET /admin/project/targetaudience/add/ HTTP/1.1" 200 16036
INFO 2022-04-23 10:27:50,778 basehttp 6280 23120 "GET /admin/jsi18n/ HTTP/1.1" 200 3195
INFO 2022-04-23 10:27:54,164 basehttp 6280 23120 "POST /admin/project/targetaudience/add/ HTTP/1.1" 302 0
INFO 2022-04-23 10:27:54,315 basehttp 6280 23120 "GET /admin/project/targetaudience/ HTTP/1.1" 200 17337
INFO 2022-04-23 10:27:54,431 basehttp 6280 23120 "GET /admin/jsi18n/ HTTP/1.1" 200 3195
INFO 2022-04-23 10:27:57,768 basehttp 6280 23120 "GET /admin/project/targetaudience/add/ HTTP/1.1" 200 16037
INFO 2022-04-23 10:27:57,884 basehttp 6280 23120 "GET /admin/jsi18n/ HTTP/1.1" 200 3195
INFO 2022-04-23 10:28:01,531 basehttp 6280 23120 "POST /admin/project/targetaudience/add/ HTTP/1.1" 302 0
INFO 2022-04-23 10:28:01,694 basehttp 6280 23120 "GET /admin/project/targetaudience/ HTTP/1.1" 200 17558
INFO 2022-04-23 10:28:01,816 basehttp 6280 23120 "GET /admin/jsi18n/ HTTP/1.1" 200 3195
INFO 2022-04-23 10:47:53,974 basehttp 6280 21972 "GET /admin/project/projectrequirements/ HTTP/1.1" 200 15727
INFO 2022-04-23 10:47:54,037 basehttp 6280 28712 "GET /static/debug_toolbar/css/toolbar.css HTTP/1.1" 304 0
INFO 2022-04-23 10:47:54,037 basehttp 6280 28580 "GET /static/debug_toolbar/js/toolbar.js HTTP/1.1" 304 0
INFO 2022-04-23 10:47:54,043 basehttp 6280 28712 "GET /static/debug_toolbar/js/utils.js HTTP/1.1" 304 0
INFO 2022-04-23 10:47:54,090 basehttp 6280 21972 "GET /admin/jsi18n/ HTTP/1.1" 200 3195
INFO 2022-04-23 10:47:54,127 basehttp 6280 28580 "GET /static/debug_toolbar/css/print.css HTTP/1.1" 200 43
INFO 2022-04-23 10:47:55,826 basehttp 6280 21972 "GET /admin/project/projectrequirements/add/ HTTP/1.1" 200 20721
INFO 2022-04-23 10:47:55,926 basehttp 6280 28580 "GET /admin/jsi18n/ HTTP/1.1" 200 3195
INFO 2022-04-23 11:29:38,385 autoreload 6280 7636 C:\Users\ogonk\Desktop\dev\myproject\mypro\mypro\urls.py changed, reloading.
INFO 2022-04-23 11:29:39,427 autoreload 18516 9020 Watching for file changes with StatReloader
INFO 2022-04-23 11:43:58,424 autoreload 18516 9020 C:\Users\ogonk\Desktop\dev\myproject\mypro\mypro\urls.py changed, reloading.
INFO 2022-04-23 11:43:59,338 autoreload 29192 25972 Watching for file changes with StatReloader
INFO 2022-04-23 11:57:55,552 autoreload 29192 25972 C:\Users\ogonk\Desktop\dev\myproject\mypro\mypro\views.py changed, reloading.
INFO 2022-04-23 11:57:56,440 autoreload 27284 19000 Watching for file changes with StatReloader
INFO 2022-04-23 12:06:11,785 autoreload 27284 19000 C:\Users\ogonk\Desktop\dev\myproject\mypro\mypro\views.py changed, reloading.
INFO 2022-04-23 12:06:12,788 autoreload 15540 27856 Watching for file changes with StatReloader
INFO 2022-04-23 15:05:41,155 autoreload 34652 26812 Watching for file changes with StatReloader
ERROR 2022-04-23 15:05:51,718 log 34652 3596 Internal Server Error: /
Traceback (most recent call last):
  File "C:\Users\ogonk\desktop\dev\myproject\env\lib\site-packages\django\core\handlers\exception.py", line 47, in inner
    response = get_response(request)
  File "C:\Users\ogonk\desktop\dev\myproject\env\lib\site-packages\django\core\handlers\base.py", line 181, in _get_response
    response = wrapped_callback(request, *callback_args, **callback_kwargs)
  File "C:\Users\ogonk\desktop\dev\myproject\mypro\mypro\views.py", line 24, in project
    form = ProjectForm()
NameError: name 'ProjectForm' is not defined
ERROR 2022-04-23 15:05:51,765 basehttp 34652 3596 "GET / HTTP/1.1" 500 82873
INFO 2022-04-23 15:05:51,802 basehttp 34652 3596 "GET /static/debug_toolbar/css/toolbar.css HTTP/1.1" 304 0
INFO 2022-04-23 15:05:51,802 basehttp 34652 31764 "GET /static/debug_toolbar/js/toolbar.js HTTP/1.1" 304 0
INFO 2022-04-23 15:05:51,834 basehttp 34652 31764 "GET /static/debug_toolbar/js/utils.js HTTP/1.1" 304 0
INFO 2022-04-23 15:05:51,834 basehttp 34652 3596 "GET /static/debug_toolbar/css/print.css HTTP/1.1" 304 0
INFO 2022-04-23 15:09:05,396 autoreload 34652 26812 C:\Users\ogonk\Desktop\dev\myproject\mypro\mypro\views.py changed, reloading.
INFO 2022-04-23 15:09:06,360 autoreload 27856 33992 Watching for file changes with StatReloader
ERROR 2022-04-23 15:09:08,044 log 27856 34064 Internal Server Error: /
Traceback (most recent call last):
  File "C:\Users\ogonk\desktop\dev\myproject\env\lib\site-packages\django\core\handlers\exception.py", line 47, in inner
    response = get_response(request)
  File "C:\Users\ogonk\desktop\dev\myproject\env\lib\site-packages\django\core\handlers\base.py", line 181, in _get_response
    response = wrapped_callback(request, *callback_args, **callback_kwargs)
  File "C:\Users\ogonk\desktop\dev\myproject\mypro\mypro\views.py", line 25, in project
    form = ProjectForm()
TypeError: __init__() missing 1 required positional argument: 'target_audience'
ERROR 2022-04-23 15:09:08,087 basehttp 27856 34064 "GET / HTTP/1.1" 500 83013
INFO 2022-04-23 15:09:58,046 autoreload 27856 33992 C:\Users\ogonk\Desktop\dev\myproject\mypro\mypro\views.py changed, reloading.
INFO 2022-04-23 15:09:59,134 autoreload 26852 32700 Watching for file changes with StatReloader
ERROR 2022-04-23 15:10:00,201 log 26852 34692 Internal Server Error: /
Traceback (most recent call last):
  File "C:\Users\ogonk\desktop\dev\myproject\env\lib\site-packages\django\core\handlers\exception.py", line 47, in inner
    response = get_response(request)
  File "C:\Users\ogonk\desktop\dev\myproject\env\lib\site-packages\django\core\handlers\base.py", line 181, in _get_response
    response = wrapped_callback(request, *callback_args, **callback_kwargs)
  File "C:\Users\ogonk\desktop\dev\myproject\mypro\mypro\views.py", line 25, in project
    form = ProjectForm(target_audience)
  File "C:\Users\ogonk\desktop\dev\myproject\mypro\project\forms.py", line 27, in __init__
    self.fields['project_target'].queryset = Company.objects.filter(id__in=target_audience)
NameError: name 'Company' is not defined
ERROR 2022-04-23 15:10:00,249 basehttp 26852 34692 "GET / HTTP/1.1" 500 88297
INFO 2022-04-23 15:11:29,069 autoreload 26852 32700 C:\Users\ogonk\Desktop\dev\myproject\mypro\project\forms.py changed, reloading.
INFO 2022-04-23 15:11:30,057 autoreload 23060 29992 Watching for file changes with StatReloader
INFO 2022-04-23 15:11:31,281 basehttp 23060 34348 "GET / HTTP/1.1" 200 20596
INFO 2022-04-23 15:13:11,405 basehttp 23060 34348 "GET / HTTP/1.1" 200 20614
INFO 2022-04-23 15:14:21,719 basehttp 23060 34348 "GET / HTTP/1.1" 200 20558
INFO 2022-04-23 15:18:01,388 basehttp 23060 16164 "GET / HTTP/1.1" 200 20960
INFO 2022-04-23 15:19:29,640 autoreload 23060 29992 C:\Users\ogonk\Desktop\dev\myproject\mypro\project\forms.py changed, reloading.
INFO 2022-04-23 15:19:30,646 autoreload 23804 28620 Watching for file changes with StatReloader
INFO 2022-04-23 15:19:31,922 basehttp 23804 32408 "GET / HTTP/1.1" 200 21148
INFO 2022-04-23 15:19:50,971 basehttp 23804 32408 "GET / HTTP/1.1" 200 21148
INFO 2022-04-23 15:23:21,885 autoreload 23804 28620 C:\Users\ogonk\Desktop\dev\myproject\mypro\project\forms.py changed, reloading.
INFO 2022-04-23 15:23:22,929 autoreload 32360 31716 Watching for file changes with StatReloader
INFO 2022-04-23 15:23:24,711 basehttp 32360 20664 "GET / HTTP/1.1" 200 21148
INFO 2022-04-23 15:24:48,843 autoreload 33044 32452 Watching for file changes with StatReloader
INFO 2022-04-23 15:24:50,498 basehttp 33044 25272 "GET / HTTP/1.1" 200 21148
INFO 2022-04-23 15:31:53,246 autoreload 33044 32452 C:\Users\ogonk\Desktop\dev\myproject\mypro\project\forms.py changed, reloading.
INFO 2022-04-23 15:31:54,319 autoreload 34272 30100 Watching for file changes with StatReloader
INFO 2022-04-23 15:31:54,852 basehttp 34272 26644 "GET / HTTP/1.1" 200 21040
INFO 2022-04-23 15:32:51,282 autoreload 34272 30100 C:\Users\ogonk\Desktop\dev\myproject\mypro\project\forms.py changed, reloading.
INFO 2022-04-23 15:32:52,426 autoreload 34124 14196 Watching for file changes with StatReloader
INFO 2022-04-23 15:32:52,972 basehttp 34124 30156 "GET / HTTP/1.1" 200 21079
INFO 2022-04-23 15:33:40,725 basehttp 34124 30156 "GET / HTTP/1.1" 200 21088
INFO 2022-04-23 15:34:15,558 basehttp 34124 30156 "GET / HTTP/1.1" 200 20806
INFO 2022-04-23 15:40:07,538 basehttp 34124 25840 "GET / HTTP/1.1" 200 20852
INFO 2022-04-23 15:44:58,370 basehttp 34124 33536 "GET / HTTP/1.1" 200 20958
INFO 2022-04-24 10:12:10,479 autoreload 34124 14196 C:\Users\ogonk\Desktop\dev\myproject\mypro\project\forms.py changed, reloading.
INFO 2022-04-24 10:12:11,890 autoreload 31000 35556 Watching for file changes with StatReloader
INFO 2022-04-24 10:12:12,891 basehttp 31000 35504 "GET / HTTP/1.1" 200 20959
INFO 2022-04-24 10:12:12,945 basehttp 31000 36800 "GET /static/debug_toolbar/css/toolbar.css HTTP/1.1" 200 11479
INFO 2022-04-24 10:12:12,949 basehttp 31000 36800 "GET /static/debug_toolbar/js/toolbar.js HTTP/1.1" 304 0
INFO 2022-04-24 10:12:12,988 basehttp 31000 36800 "GET /static/debug_toolbar/css/print.css HTTP/1.1" 200 43
INFO 2022-04-24 10:12:13,001 basehttp 31000 36800 "GET /static/debug_toolbar/js/utils.js HTTP/1.1" 304 0
WARNING 2022-04-24 10:12:13,069 log 31000 36800 Not Found: /favicon.ico
INFO 2022-04-24 10:12:13,069 basehttp 31000 36800 - Broken pipe from ('127.0.0.1', 53037)

INFO 2022-04-24 10:26:44,601 basehttp 31000 40604 "GET / HTTP/1.1" 200 20973
INFO 2022-04-24 10:28:14,403 basehttp 31000 40604 "GET / HTTP/1.1" 200 20974
INFO 2022-04-24 10:30:59,215 basehttp 31000 36116 "GET / HTTP/1.1" 200 20977
INFO 2022-04-24 10:44:45,622 autoreload 31000 35556 C:\Users\ogonk\Desktop\dev\myproject\mypro\project\models.py changed, reloading.
INFO 2022-04-24 10:44:46,547 autoreload 30328 10444 Watching for file changes with StatReloader
INFO 2022-04-24 10:45:47,570 autoreload 35464 37176 Watching for file changes with StatReloader
INFO 2022-04-24 10:45:51,535 basehttp 35464 26484 "GET /admin/project/projectrequirements/add/ HTTP/1.1" 200 20728
INFO 2022-04-24 10:45:51,582 basehttp 35464 26484 "GET /static/admin/css/base.css HTTP/1.1" 304 0
INFO 2022-04-24 10:45:51,595 basehttp 35464 39452 "GET /static/admin/css/nav_sidebar.css HTTP/1.1" 304 0
INFO 2022-04-24 10:45:51,603 basehttp 35464 39272 "GET /static/admin/css/forms.css HTTP/1.1" 304 0
INFO 2022-04-24 10:45:51,606 basehttp 35464 34612 "GET /static/admin/js/vendor/jquery/jquery.js HTTP/1.1" 304 0
INFO 2022-04-24 10:45:51,613 basehttp 35464 26484 "GET /static/admin/css/responsive.css HTTP/1.1" 200 18545
INFO 2022-04-24 10:45:51,618 basehttp 35464 34612 "GET /static/admin/js/core.js HTTP/1.1" 304 0
INFO 2022-04-24 10:45:51,619 basehttp 35464 26484 "GET /static/admin/js/admin/RelatedObjectLookups.js HTTP/1.1" 304 0
INFO 2022-04-24 10:45:51,619 basehttp 35464 38404 "GET /static/admin/js/jquery.init.js HTTP/1.1" 304 0
INFO 2022-04-24 10:45:51,623 basehttp 35464 39452 "GET /static/admin/js/change_form.js HTTP/1.1" 200 606
INFO 2022-04-24 10:45:51,625 basehttp 35464 26484 "GET /static/admin/js/prepopulate.js HTTP/1.1" 304 0
INFO 2022-04-24 10:45:51,631 basehttp 35464 39452 "GET /static/admin/js/vendor/xregexp/xregexp.js HTTP/1.1" 304 0
INFO 2022-04-24 10:45:51,632 basehttp 35464 34612 "GET /static/admin/js/actions.js HTTP/1.1" 304 0
INFO 2022-04-24 10:45:51,635 basehttp 35464 38404 "GET /static/admin/js/urlify.js HTTP/1.1" 304 0
INFO 2022-04-24 10:45:51,637 basehttp 35464 26484 "GET /static/admin/js/nav_sidebar.js HTTP/1.1" 304 0
INFO 2022-04-24 10:45:51,639 basehttp 35464 39272 "GET /static/admin/js/prepopulate_init.js HTTP/1.1" 200 492
INFO 2022-04-24 10:45:51,647 basehttp 35464 34612 "GET /static/admin/css/fonts.css HTTP/1.1" 200 423
INFO 2022-04-24 10:45:51,649 basehttp 35464 39452 "GET /static/admin/css/widgets.css HTTP/1.1" 200 11097
INFO 2022-04-24 10:45:51,721 basehttp 35464 37024 "GET /admin/jsi18n/ HTTP/1.1" 200 3195
INFO 2022-04-24 10:45:51,751 basehttp 35464 39452 "GET /static/admin/img/icon-addlink.svg HTTP/1.1" 200 331
INFO 2022-04-24 10:45:51,760 basehttp 35464 39452 - Broken pipe from ('127.0.0.1', 54391)

WARNING 2022-04-24 10:45:51,817 log 35464 37024 Not Found: /favicon.ico
INFO 2022-04-24 10:45:51,817 basehttp 35464 37024 - Broken pipe from ('127.0.0.1', 54393)

INFO 2022-04-24 10:45:56,070 basehttp 35464 26484 "GET /admin/project/targetaudience/ HTTP/1.1" 200 17341
INFO 2022-04-24 10:45:56,122 basehttp 35464 34612 "GET /static/admin/css/changelists.css HTTP/1.1" 304 0
INFO 2022-04-24 10:45:56,199 basehttp 35464 39272 "GET /admin/jsi18n/ HTTP/1.1" 200 3195
INFO 2022-04-24 10:45:56,237 basehttp 35464 39272 "GET /static/admin/img/tooltag-add.svg HTTP/1.1" 200 331
INFO 2022-04-24 10:46:00,001 basehttp 35464 26484 "GET /admin/project/targetaudience/add/ HTTP/1.1" 200 16037
INFO 2022-04-24 10:46:00,123 basehttp 35464 39272 "GET /admin/jsi18n/ HTTP/1.1" 200 3195
INFO 2022-04-24 10:47:13,988 basehttp 35464 26484 "POST /admin/project/targetaudience/add/ HTTP/1.1" 200 16187
INFO 2022-04-24 10:47:14,111 basehttp 35464 39272 "GET /admin/jsi18n/ HTTP/1.1" 200 3195
INFO 2022-04-24 10:47:25,625 basehttp 35464 26484 "POST /admin/project/targetaudience/add/ HTTP/1.1" 200 16187
INFO 2022-04-24 10:47:25,751 basehttp 35464 39272 "GET /admin/jsi18n/ HTTP/1.1" 200 3195
INFO 2022-04-24 10:47:53,903 autoreload 35464 37176 C:\Users\ogonk\Desktop\dev\myproject\mypro\project\models.py changed, reloading.
INFO 2022-04-24 10:47:54,905 autoreload 39380 39224 Watching for file changes with StatReloader
INFO 2022-04-24 10:48:15,506 autoreload 29900 9380 Watching for file changes with StatReloader
INFO 2022-04-24 10:48:22,597 basehttp 29900 36224 "GET / HTTP/1.1" 200 20986
INFO 2022-04-24 10:50:08,432 basehttp 29900 36224 "GET / HTTP/1.1" 200 20986
INFO 2022-04-24 10:50:20,261 basehttp 29900 36224 "GET / HTTP/1.1" 200 20986
INFO 2022-04-24 10:55:46,397 basehttp 29900 36228 "GET / HTTP/1.1" 200 20993
INFO 2022-04-24 11:03:11,763 basehttp 29900 7556 "GET /admin/project/projectrequirements/ HTTP/1.1" 200 15727
INFO 2022-04-24 11:03:11,903 basehttp 29900 7556 "GET /admin/jsi18n/ HTTP/1.1" 200 3195
INFO 2022-04-24 11:28:19,392 basehttp 29900 33400 "GET / HTTP/1.1" 200 21134
ERROR 2022-04-24 11:29:03,015 log 29900 33400 Internal Server Error: /
Traceback (most recent call last):
  File "C:\Users\ogonk\desktop\dev\myproject\env\lib\site-packages\django\core\handlers\exception.py", line 47, in inner
    response = get_response(request)
  File "C:\Users\ogonk\desktop\dev\myproject\env\lib\site-packages\django\core\handlers\base.py", line 181, in _get_response
    response = wrapped_callback(request, *callback_args, **callback_kwargs)
  File "C:\Users\ogonk\desktop\dev\myproject\mypro\mypro\views.py", line 14, in project
    data.project_target = form.cleaned_data['project_target']
  File "C:\Users\ogonk\desktop\dev\myproject\env\lib\site-packages\django\db\models\fields\related_descriptors.py", line 547, in __set__
    % self._get_set_deprecation_msg_params(),
TypeError: Direct assignment to the forward side of a many-to-many set is prohibited. Use project_target.set() instead.
ERROR 2022-04-24 11:29:03,062 basehttp 29900 33400 "POST / HTTP/1.1" 500 90746
INFO 2022-04-24 12:00:59,636 autoreload 29900 9380 C:\Users\ogonk\Desktop\dev\myproject\mypro\mypro\views.py changed, reloading.
INFO 2022-04-24 12:01:00,609 autoreload 22920 35176 Watching for file changes with StatReloader
INFO 2022-04-24 12:01:14,023 basehttp 22920 40428 "GET / HTTP/1.1" 200 21134
ERROR 2022-04-24 12:01:47,752 log 22920 40428 Internal Server Error: /
Traceback (most recent call last):
  File "C:\Users\ogonk\desktop\dev\myproject\env\lib\site-packages\django\core\handlers\exception.py", line 47, in inner
    response = get_response(request)
  File "C:\Users\ogonk\desktop\dev\myproject\env\lib\site-packages\django\core\handlers\base.py", line 181, in _get_response
    response = wrapped_callback(request, *callback_args, **callback_kwargs)
  File "C:\Users\ogonk\desktop\dev\myproject\mypro\mypro\views.py", line 14, in project
    data.project_target.add(*TargetAudience.objects.filter(id__in = form.cleaned_data['project_target']))
  File "C:\Users\ogonk\desktop\dev\myproject\env\lib\site-packages\django\db\models\fields\related_descriptors.py", line 536, in __get__
    return self.related_manager_cls(instance)
  File "C:\Users\ogonk\desktop\dev\myproject\env\lib\site-packages\django\db\models\fields\related_descriptors.py", line 853, in __init__
    (instance, self.pk_field_names[self.source_field_name]))
ValueError: "<ProjectRequirements: Ecommerce>" needs to have a value for field "id" before this many-to-many relationship can be used.
ERROR 2022-04-24 12:01:47,799 basehttp 22920 40428 "POST / HTTP/1.1" 500 96894
INFO 2022-04-24 12:08:06,217 autoreload 22920 35176 C:\Users\ogonk\Desktop\dev\myproject\mypro\mypro\views.py changed, reloading.
INFO 2022-04-24 12:08:07,285 autoreload 26164 4560 Watching for file changes with StatReloader
INFO 2022-04-24 12:08:09,982 basehttp 26164 30024 "GET / HTTP/1.1" 200 21134
ERROR 2022-04-24 12:08:38,324 log 26164 30024 Internal Server Error: /
Traceback (most recent call last):
  File "C:\Users\ogonk\desktop\dev\myproject\env\lib\site-packages\django\core\handlers\exception.py", line 47, in inner
    response = get_response(request)
  File "C:\Users\ogonk\desktop\dev\myproject\env\lib\site-packages\django\core\handlers\base.py", line 181, in _get_response
    response = wrapped_callback(request, *callback_args, **callback_kwargs)
  File "C:\Users\ogonk\desktop\dev\myproject\mypro\mypro\views.py", line 14, in project
    data.project_target.add(*form.cleaned_data['project_target'])
  File "C:\Users\ogonk\desktop\dev\myproject\env\lib\site-packages\django\db\models\fields\related_descriptors.py", line 536, in __get__
    return self.related_manager_cls(instance)
  File "C:\Users\ogonk\desktop\dev\myproject\env\lib\site-packages\django\db\models\fields\related_descriptors.py", line 853, in __init__
    (instance, self.pk_field_names[self.source_field_name]))
ValueError: "<ProjectRequirements: Ecommerce>" needs to have a value for field "id" before this many-to-many relationship can be used.
ERROR 2022-04-24 12:08:38,388 basehttp 26164 30024 "POST / HTTP/1.1" 500 96818
INFO 2022-04-24 12:10:28,944 autoreload 26164 4560 C:\Users\ogonk\Desktop\dev\myproject\mypro\mypro\views.py changed, reloading.
INFO 2022-04-24 12:10:29,816 autoreload 6716 38620 Watching for file changes with StatReloader
INFO 2022-04-24 12:13:56,339 autoreload 6716 38620 C:\Users\ogonk\Desktop\dev\myproject\mypro\mypro\views.py changed, reloading.
INFO 2022-04-24 12:13:57,653 autoreload 37476 17892 Watching for file changes with StatReloader
INFO 2022-04-24 12:14:15,366 basehttp 37476 15996 "GET / HTTP/1.1" 200 21134
ERROR 2022-04-24 12:14:41,225 log 37476 15996 Internal Server Error: /
Traceback (most recent call last):
  File "C:\Users\ogonk\desktop\dev\myproject\env\lib\site-packages\django\core\handlers\exception.py", line 47, in inner
    response = get_response(request)
  File "C:\Users\ogonk\desktop\dev\myproject\env\lib\site-packages\django\core\handlers\base.py", line 181, in _get_response
    response = wrapped_callback(request, *callback_args, **callback_kwargs)
  File "C:\Users\ogonk\desktop\dev\myproject\mypro\mypro\views.py", line 13, in project
    data.project_target.add(*ta)
  File "C:\Users\ogonk\desktop\dev\myproject\env\lib\site-packages\django\db\models\fields\related_descriptors.py", line 536, in __get__
    return self.related_manager_cls(instance)
  File "C:\Users\ogonk\desktop\dev\myproject\env\lib\site-packages\django\db\models\fields\related_descriptors.py", line 853, in __init__
    (instance, self.pk_field_names[self.source_field_name]))
ValueError: "<ProjectRequirements: >" needs to have a value for field "id" before this many-to-many relationship can be used.
ERROR 2022-04-24 12:14:41,277 basehttp 37476 15996 "POST / HTTP/1.1" 500 96708
INFO 2022-04-24 12:17:08,084 autoreload 37476 17892 C:\Users\ogonk\Desktop\dev\myproject\mypro\mypro\views.py changed, reloading.
INFO 2022-04-24 12:17:09,061 autoreload 152 39320 Watching for file changes with StatReloader
WARNING 2022-04-24 12:17:18,659 log 152 38008 Forbidden (CSRF token missing or incorrect.): /
WARNING 2022-04-24 12:17:18,712 basehttp 152 38008 "POST / HTTP/1.1" 403 12086
INFO 2022-04-24 12:17:18,712 basehttp 152 38008 code 400, message Bad request syntax ('EHmcYvDdAvtub9ntzp44DTOWzO4D5XXpwb7p7vHPY0vZGf3TyUa65pN7ZpT7AH0Q')
WARNING 2022-04-24 12:17:18,712 basehttp 152 38008 "EHmcYvDdAvtub9ntzp44DTOWzO4D5XXpwb7p7vHPY0vZGf3TyUa65pN7ZpT7AH0Q" 400 -
INFO 2022-04-24 12:17:22,206 basehttp 152 40800 "GET / HTTP/1.1" 200 21134
ERROR 2022-04-24 12:17:26,076 log 152 40800 Internal Server Error: /
Traceback (most recent call last):
  File "C:\Users\ogonk\desktop\dev\myproject\env\lib\site-packages\django\core\handlers\exception.py", line 47, in inner
    response = get_response(request)
  File "C:\Users\ogonk\desktop\dev\myproject\env\lib\site-packages\django\core\handlers\base.py", line 181, in _get_response
    response = wrapped_callback(request, *callback_args, **callback_kwargs)
  File "C:\Users\ogonk\desktop\dev\myproject\mypro\mypro\views.py", line 25, in project
    data.project_target.add(*ta)
  File "C:\Users\ogonk\desktop\dev\myproject\env\lib\site-packages\django\db\models\fields\related_descriptors.py", line 536, in __get__
    return self.related_manager_cls(instance)
  File "C:\Users\ogonk\desktop\dev\myproject\env\lib\site-packages\django\db\models\fields\related_descriptors.py", line 853, in __init__
    (instance, self.pk_field_names[self.source_field_name]))
ValueError: "<ProjectRequirements: Ecommerce>" needs to have a value for field "id" before this many-to-many relationship can be used.
ERROR 2022-04-24 12:17:26,139 basehttp 152 40800 "POST / HTTP/1.1" 500 96795
INFO 2022-04-24 12:19:05,369 autoreload 152 39320 C:\Users\ogonk\Desktop\dev\myproject\mypro\mypro\views.py changed, reloading.
INFO 2022-04-24 12:19:06,270 autoreload 22132 37280 Watching for file changes with StatReloader
INFO 2022-04-24 12:19:11,960 autoreload 22132 37280 C:\Users\ogonk\Desktop\dev\myproject\mypro\mypro\views.py changed, reloading.
INFO 2022-04-24 12:19:12,956 autoreload 2820 37676 Watching for file changes with StatReloader
WARNING 2022-04-24 12:19:15,971 log 2820 29688 Forbidden (CSRF token missing or incorrect.): /
WARNING 2022-04-24 12:19:16,018 basehttp 2820 29688 "POST / HTTP/1.1" 403 12086
INFO 2022-04-24 12:19:16,018 basehttp 2820 29688 code 400, message Bad request syntax ('Y064jJwdwaiNql32LwKP4fcy6qH6FaTrQuRhsJAPUFkiVrJsK1QRwLbJw1wAaUWS')
WARNING 2022-04-24 12:19:16,018 basehttp 2820 29688 "Y064jJwdwaiNql32LwKP4fcy6qH6FaTrQuRhsJAPUFkiVrJsK1QRwLbJw1wAaUWS" 400 -
INFO 2022-04-24 12:19:18,277 basehttp 2820 40168 "GET / HTTP/1.1" 200 21134
ERROR 2022-04-24 12:19:21,100 log 2820 40168 Internal Server Error: /
Traceback (most recent call last):
  File "C:\Users\ogonk\desktop\dev\myproject\env\lib\site-packages\django\core\handlers\exception.py", line 47, in inner
    response = get_response(request)
  File "C:\Users\ogonk\desktop\dev\myproject\env\lib\site-packages\django\core\handlers\base.py", line 181, in _get_response
    response = wrapped_callback(request, *callback_args, **callback_kwargs)
  File "C:\Users\ogonk\desktop\dev\myproject\mypro\mypro\views.py", line 28, in project
    messages.success(request, 'Thank you! Your Service has been created.')
NameError: name 'messages' is not defined
ERROR 2022-04-24 12:19:21,176 basehttp 2820 40168 "POST / HTTP/1.1" 500 86208
INFO 2022-04-24 12:19:30,345 basehttp 2820 40168 "GET /admin/project/projectrequirements/ HTTP/1.1" 200 17665
INFO 2022-04-24 12:19:30,386 basehttp 2820 40168 "GET /static/admin/img/icon-yes.svg HTTP/1.1" 200 436
INFO 2022-04-24 12:19:30,463 basehttp 2820 6988 "GET /admin/jsi18n/ HTTP/1.1" 200 3195
INFO 2022-04-24 12:19:34,280 basehttp 2820 40168 "GET /admin/project/projectrequirements/1/change/ HTTP/1.1" 200 21374
INFO 2022-04-24 12:19:34,436 basehttp 2820 6988 "GET /admin/jsi18n/ HTTP/1.1" 200 3195
INFO 2022-04-24 13:10:11,301 autoreload 2820 37676 C:\Users\ogonk\Desktop\dev\myproject\mypro\mypro\views.py changed, reloading.
INFO 2022-04-24 13:10:12,305 autoreload 39060 36940 Watching for file changes with StatReloader
INFO 2022-04-24 13:15:56,059 basehttp 39060 40436 "GET / HTTP/1.1" 200 21135
INFO 2022-04-24 13:15:56,112 basehttp 39060 40436 "GET /static/debug_toolbar/js/toolbar.js HTTP/1.1" 304 0
INFO 2022-04-24 13:15:56,112 basehttp 39060 40436 "GET /static/debug_toolbar/css/toolbar.css HTTP/1.1" 304 0
INFO 2022-04-24 13:15:56,175 basehttp 39060 40436 "GET /static/debug_toolbar/js/utils.js HTTP/1.1" 304 0
INFO 2022-04-24 13:15:56,190 basehttp 39060 40436 "GET /static/debug_toolbar/css/print.css HTTP/1.1" 304 0
ERROR 2022-04-24 13:16:32,737 log 39060 40436 Internal Server Error: /
Traceback (most recent call last):
  File "C:\Users\ogonk\desktop\dev\myproject\env\lib\site-packages\django\core\handlers\exception.py", line 47, in inner
    response = get_response(request)
  File "C:\Users\ogonk\desktop\dev\myproject\env\lib\site-packages\django\core\handlers\base.py", line 181, in _get_response
    response = wrapped_callback(request, *callback_args, **callback_kwargs)
  File "C:\Users\ogonk\desktop\dev\myproject\mypro\mypro\views.py", line 27, in project
    return redirect('project')
NameError: name 'redirect' is not defined
ERROR 2022-04-24 13:16:32,822 basehttp 39060 40436 "POST / HTTP/1.1" 500 86115
INFO 2022-04-24 13:16:59,480 autoreload 39060 36940 C:\Users\ogonk\Desktop\dev\myproject\mypro\mypro\views.py changed, reloading.
INFO 2022-04-24 13:17:00,545 autoreload 13460 22172 Watching for file changes with StatReloader
INFO 2022-04-24 13:17:04,418 basehttp 13460 24312 "GET /admin/project/projectrequirements/ HTTP/1.1" 200 18266
INFO 2022-04-24 13:17:04,549 basehttp 13460 24312 "GET /admin/jsi18n/ HTTP/1.1" 200 3195
WARNING 2022-04-24 13:19:06,379 log 13460 28820 Forbidden (CSRF token missing or incorrect.): /
WARNING 2022-04-24 13:19:06,394 basehttp 13460 28820 "POST / HTTP/1.1" 403 12086
INFO 2022-04-24 13:19:06,394 basehttp 13460 28820 code 400, message Bad request syntax ('i7YG7qg5OUoHYPCJirJq2qVmHuR9RKd3aBJTgqkHcpqctVi9hWPsuWUx75GDmugu')
WARNING 2022-04-24 13:19:06,394 basehttp 13460 28820 "i7YG7qg5OUoHYPCJirJq2qVmHuR9RKd3aBJTgqkHcpqctVi9hWPsuWUx75GDmugu" 400 -
INFO 2022-04-24 13:19:08,699 basehttp 13460 40368 "GET / HTTP/1.1" 200 21134
INFO 2022-04-24 13:19:20,547 basehttp 13460 40368 "POST / HTTP/1.1" 302 0
INFO 2022-04-24 13:19:20,652 basehttp 13460 40368 "GET / HTTP/1.1" 200 21429
INFO 2022-04-24 13:35:54,949 basehttp 13460 37248 "GET / HTTP/1.1" 200 21184
INFO 2022-04-24 13:56:52,811 basehttp 13460 23592 "GET / HTTP/1.1" 200 21346
WARNING 2022-04-24 13:56:52,911 log 13460 23592 Not Found: /side_pic.png
WARNING 2022-04-24 13:56:52,911 basehttp 13460 23592 "GET /side_pic.png HTTP/1.1" 404 12052
INFO 2022-04-24 13:58:56,141 basehttp 13460 30768 "POST / HTTP/1.1" 302 0
INFO 2022-04-24 13:58:56,255 basehttp 13460 30768 "GET / HTTP/1.1" 200 21641
WARNING 2022-04-24 13:58:56,354 log 13460 30768 Not Found: /side_pic.png
WARNING 2022-04-24 13:58:56,354 basehttp 13460 30768 "GET /side_pic.png HTTP/1.1" 404 12052
INFO 2022-04-24 14:07:02,399 basehttp 13460 16592 "GET / HTTP/1.1" 200 21321
WARNING 2022-04-24 14:07:02,460 basehttp 13460 16592 "GET /static/css/default.css HTTP/1.1" 404 1804
WARNING 2022-04-24 14:07:02,481 basehttp 13460 26788 "GET /static/images/side_pic.png HTTP/1.1" 404 1816
WARNING 2022-04-24 14:07:02,541 basehttp 13460 34968 "GET /static/css/default.css HTTP/1.1" 404 1804
WARNING 2022-04-24 14:07:02,563 basehttp 13460 37488 "GET /static/images/side_pic.png HTTP/1.1" 404 1816
INFO 2022-04-24 14:07:19,588 autoreload 26640 35916 Watching for file changes with StatReloader
INFO 2022-04-24 14:07:21,617 basehttp 26640 39728 "GET / HTTP/1.1" 200 21321
WARNING 2022-04-24 14:07:21,655 basehttp 26640 39728 "GET /static/css/default.css HTTP/1.1" 404 1804
WARNING 2022-04-24 14:07:21,673 basehttp 26640 36452 "GET /static/images/side_pic.png HTTP/1.1" 404 1816
INFO 2022-04-24 14:09:04,697 basehttp 26640 24376 "GET / HTTP/1.1" 200 18871
WARNING 2022-04-24 14:09:04,744 basehttp 26640 24376 "GET /static/css/default.css HTTP/1.1" 404 1804
WARNING 2022-04-24 14:09:04,754 basehttp 26640 35736 "GET /static/images/side_pic.png HTTP/1.1" 404 1816
INFO 2022-04-24 14:09:53,973 autoreload 26640 35916 C:\Users\ogonk\Desktop\dev\myproject\mypro\mypro\settings.py changed, reloading.
INFO 2022-04-24 14:09:55,023 autoreload 13352 39576 Watching for file changes with StatReloader
INFO 2022-04-24 14:09:55,546 basehttp 13352 41964 "GET / HTTP/1.1" 200 18871
WARNING 2022-04-24 14:09:55,578 basehttp 13352 2120 "GET /static/css/default.css HTTP/1.1" 404 1804
WARNING 2022-04-24 14:09:55,596 basehttp 13352 41964 "GET /static/images/side_pic.png HTTP/1.1" 404 1816
WARNING 2022-04-24 14:09:55,639 log 13352 20776 Not Found: /favicon.ico
INFO 2022-04-24 14:09:55,639 basehttp 13352 20776 - Broken pipe from ('127.0.0.1', 53105)

INFO 2022-04-24 14:10:10,319 autoreload 26812 35856 Watching for file changes with StatReloader
INFO 2022-04-24 14:10:12,976 basehttp 26812 17956 "GET / HTTP/1.1" 200 18871
WARNING 2022-04-24 14:10:13,012 basehttp 26812 17956 "GET /static/css/default.css HTTP/1.1" 404 1804
WARNING 2022-04-24 14:10:13,027 basehttp 26812 21000 "GET /static/images/side_pic.png HTTP/1.1" 404 1816
WARNING 2022-04-24 14:10:13,091 log 26812 34172 Not Found: /favicon.ico
INFO 2022-04-24 14:10:13,091 basehttp 26812 34172 - Broken pipe from ('127.0.0.1', 53116)

INFO 2022-04-24 14:13:42,597 autoreload 3696 34664 Watching for file changes with StatReloader
INFO 2022-04-24 14:13:48,687 basehttp 3696 19892 "GET / HTTP/1.1" 200 18859
INFO 2022-04-24 14:13:48,712 basehttp 3696 19892 "GET /static/css/default.css HTTP/1.1" 200 1847
INFO 2022-04-24 14:13:48,733 basehttp 3696 18052 "GET /static/images/side_pic.png HTTP/1.1" 200 49242
WARNING 2022-04-24 14:13:48,779 log 3696 18052 Not Found: /favicon.ico
INFO 2022-04-24 14:13:48,779 basehttp 3696 18052 - Broken pipe from ('127.0.0.1', 53233)

INFO 2022-04-24 14:20:49,572 basehttp 3696 31512 "GET / HTTP/1.1" 200 18854
INFO 2022-04-24 14:20:49,614 basehttp 3696 31512 "GET /static/css/default.css HTTP/1.1" 304 0
INFO 2022-04-24 14:21:15,653 basehttp 3696 31512 "GET / HTTP/1.1" 200 18841
INFO 2022-04-24 14:37:19,050 basehttp 3696 1728 "GET / HTTP/1.1" 200 19033
INFO 2022-04-24 14:37:19,104 basehttp 3696 1728 "GET /static/css/default.css HTTP/1.1" 304 0
INFO 2022-04-24 14:38:18,234 basehttp 3696 1728 "POST / HTTP/1.1" 302 0
INFO 2022-04-24 14:38:18,371 basehttp 3696 1728 "GET / HTTP/1.1" 200 19329
INFO 2022-04-24 14:39:55,063 basehttp 3696 1728 "GET / HTTP/1.1" 200 19003
INFO 2022-04-24 14:40:24,103 autoreload 19956 39896 Watching for file changes with StatReloader
INFO 2022-04-24 14:40:25,568 basehttp 19956 16904 "GET / HTTP/1.1" 200 19003
INFO 2022-04-24 14:44:09,364 basehttp 19956 20184 "GET / HTTP/1.1" 200 19004
INFO 2022-04-24 14:44:09,407 basehttp 19956 20184 "GET /static/css/default.css HTTP/1.1" 200 1845
INFO 2022-04-24 14:50:50,453 basehttp 19956 38196 "GET / HTTP/1.1" 200 19003
INFO 2022-04-24 14:50:50,506 basehttp 19956 38196 "GET /static/css/default.css HTTP/1.1" 304 0
INFO 2022-04-24 14:50:54,368 basehttp 19956 38196 "GET / HTTP/1.1" 200 19003
INFO 2022-04-24 14:58:17,710 basehttp 19956 36620 "GET / HTTP/1.1" 200 19037
INFO 2022-04-24 14:58:17,752 basehttp 19956 36620 "GET /static/css/default.css HTTP/1.1" 304 0
INFO 2022-04-24 15:25:39,714 basehttp 19956 9020 "GET / HTTP/1.1" 200 19041
INFO 2022-04-24 15:25:39,778 basehttp 19956 9020 "GET /static/css/default.css HTTP/1.1" 200 1845
INFO 2022-04-24 20:33:20,852 autoreload 44112 18108 Watching for file changes with StatReloader
INFO 2022-04-24 20:33:24,085 basehttp 44112 46920 "GET / HTTP/1.1" 200 17440
INFO 2022-04-24 20:33:24,136 basehttp 44112 46920 "GET /static/css/default.css HTTP/1.1" 304 0
INFO 2022-04-24 20:33:24,151 basehttp 44112 38952 "GET /static/debug_toolbar/css/toolbar.css HTTP/1.1" 304 0
INFO 2022-04-24 20:33:24,151 basehttp 44112 46920 "GET /static/debug_toolbar/js/toolbar.js HTTP/1.1" 304 0
INFO 2022-04-24 20:33:24,158 basehttp 44112 38952 "GET /static/images/side_pic.png HTTP/1.1" 200 42115
INFO 2022-04-24 20:33:24,280 basehttp 44112 38952 "GET /static/debug_toolbar/js/utils.js HTTP/1.1" 304 0
INFO 2022-04-24 20:33:24,280 basehttp 44112 46896 "GET /static/debug_toolbar/css/print.css HTTP/1.1" 304 0
INFO 2022-04-24 20:34:11,653 basehttp 44112 38952 "GET / HTTP/1.1" 200 17453
INFO 2022-04-24 20:34:46,981 basehttp 44112 38952 "POST / HTTP/1.1" 302 0
INFO 2022-04-24 20:34:47,123 basehttp 44112 38952 "GET / HTTP/1.1" 200 17749
INFO 2022-04-24 20:35:17,014 basehttp 44112 38952 "GET /admin/ HTTP/1.1" 200 16535
INFO 2022-04-24 20:35:17,094 basehttp 44112 46896 "GET /static/admin/css/nav_sidebar.css HTTP/1.1" 304 0
INFO 2022-04-24 20:35:17,094 basehttp 44112 38952 "GET /static/admin/css/base.css HTTP/1.1" 304 0
INFO 2022-04-24 20:35:17,098 basehttp 44112 46920 "GET /static/admin/js/nav_sidebar.js HTTP/1.1" 304 0
INFO 2022-04-24 20:35:17,098 basehttp 44112 27488 "GET /static/admin/css/dashboard.css HTTP/1.1" 304 0
INFO 2022-04-24 20:35:17,098 basehttp 44112 35140 "GET /static/admin/css/responsive.css HTTP/1.1" 304 0
INFO 2022-04-24 20:35:17,124 basehttp 44112 38952 "GET /static/admin/css/fonts.css HTTP/1.1" 304 0
INFO 2022-04-24 20:35:17,143 basehttp 44112 35140 "GET /static/admin/fonts/Roboto-Regular-webfont.woff HTTP/1.1" 304 0
INFO 2022-04-24 20:35:17,151 basehttp 44112 35140 "GET /static/admin/fonts/Roboto-Light-webfont.woff HTTP/1.1" 304 0
INFO 2022-04-24 20:35:17,151 basehttp 44112 38952 "GET /static/admin/img/icon-addlink.svg HTTP/1.1" 200 331
INFO 2022-04-24 20:35:17,151 basehttp 44112 27488 "GET /static/admin/img/icon-deletelink.svg HTTP/1.1" 200 392
INFO 2022-04-24 20:35:17,151 basehttp 44112 46896 "GET /static/admin/img/icon-changelink.svg HTTP/1.1" 200 380
INFO 2022-04-24 20:35:17,155 basehttp 44112 38952 "GET /static/admin/fonts/Roboto-Bold-webfont.woff HTTP/1.1" 304 0
INFO 2022-04-24 20:35:19,677 basehttp 44112 38952 "GET /admin/project/projectrequirements/ HTTP/1.1" 200 19925
INFO 2022-04-24 20:35:19,729 basehttp 44112 38952 "GET /static/admin/img/icon-yes.svg HTTP/1.1" 304 0
INFO 2022-04-24 20:35:19,740 basehttp 44112 35140 "GET /static/admin/js/vendor/jquery/jquery.js HTTP/1.1" 304 0
INFO 2022-04-24 20:35:19,741 basehttp 44112 46920 "GET /static/admin/js/jquery.init.js HTTP/1.1" 304 0
INFO 2022-04-24 20:35:19,743 basehttp 44112 46112 "GET /static/admin/js/core.js HTTP/1.1" 304 0
INFO 2022-04-24 20:35:19,744 basehttp 44112 38952 "GET /static/admin/js/admin/RelatedObjectLookups.js HTTP/1.1" 304 0
INFO 2022-04-24 20:35:19,745 basehttp 44112 27488 "GET /static/admin/css/changelists.css HTTP/1.1" 200 6874
INFO 2022-04-24 20:35:19,751 basehttp 44112 46920 "GET /static/admin/js/urlify.js HTTP/1.1" 304 0
INFO 2022-04-24 20:35:19,751 basehttp 44112 35140 "GET /static/admin/js/actions.js HTTP/1.1" 304 0
INFO 2022-04-24 20:35:19,754 basehttp 44112 27488 "GET /static/admin/js/vendor/xregexp/xregexp.js HTTP/1.1" 304 0
INFO 2022-04-24 20:35:19,754 basehttp 44112 46112 "GET /static/admin/js/prepopulate.js HTTP/1.1" 304 0
INFO 2022-04-24 20:35:19,835 basehttp 44112 46896 "GET /admin/jsi18n/ HTTP/1.1" 200 3195
INFO 2022-04-24 20:35:19,866 basehttp 44112 38952 "GET /static/admin/img/tooltag-add.svg HTTP/1.1" 200 331
INFO 2022-04-24 20:35:26,555 basehttp 44112 38952 "GET /admin/project/projectrequirements/6/change/ HTTP/1.1" 200 21419
INFO 2022-04-24 20:35:26,610 basehttp 44112 27488 "GET /static/admin/css/forms.css HTTP/1.1" 304 0
INFO 2022-04-24 20:35:26,622 basehttp 44112 27488 "GET /static/admin/js/change_form.js HTTP/1.1" 304 0
INFO 2022-04-24 20:35:26,622 basehttp 44112 46896 "GET /static/admin/js/prepopulate_init.js HTTP/1.1" 304 0
INFO 2022-04-24 20:35:26,634 basehttp 44112 27488 "GET /static/admin/css/widgets.css HTTP/1.1" 304 0
INFO 2022-04-24 20:35:26,686 basehttp 44112 38952 "GET /admin/jsi18n/ HTTP/1.1" 200 3195
INFO 2022-04-24 20:38:14,336 basehttp 44112 27516 "GET /admin/auth/user/ HTTP/1.1" 200 18393
INFO 2022-04-24 20:38:14,389 basehttp 44112 27516 "GET /static/admin/img/search.svg HTTP/1.1" 200 458
INFO 2022-04-24 20:38:14,481 basehttp 44112 35728 "GET /admin/jsi18n/ HTTP/1.1" 200 3195
INFO 2022-04-24 20:38:14,513 basehttp 44112 35728 "GET /static/admin/img/sorting-icons.svg HTTP/1.1" 200 1097
INFO 2022-04-24 20:45:27,392 autoreload 42256 45420 Watching for file changes with StatReloader
INFO 2022-04-24 20:48:19,646 autoreload 14636 42840 Watching for file changes with StatReloader
INFO 2022-04-24 20:48:25,042 basehttp 14636 46604 "GET / HTTP/1.1" 200 17453
INFO 2022-04-24 20:48:29,152 basehttp 14636 46604 "GET /admin/auth/user/ HTTP/1.1" 200 18393
INFO 2022-04-24 20:48:29,273 basehttp 14636 42320 "GET /admin/jsi18n/ HTTP/1.1" 200 3195
INFO 2022-04-24 20:48:29,311 basehttp 14636 46604 - Broken pipe from ('127.0.0.1', 59680)

INFO 2022-04-24 20:48:29,311 basehttp 14636 42320 - Broken pipe from ('127.0.0.1', 59690)

INFO 2022-04-24 20:48:43,473 basehttp 14636 18388 "GET /admin/logout/ HTTP/1.1" 200 11156
INFO 2022-04-24 20:48:45,431 basehttp 14636 18388 "GET /admin/ HTTP/1.1" 302 0
INFO 2022-04-24 20:48:45,472 basehttp 14636 18388 "GET /admin/login/?next=/admin/ HTTP/1.1" 200 11840
INFO 2022-04-24 20:48:45,528 basehttp 14636 18388 "GET /static/admin/css/login.css HTTP/1.1" 304 0
INFO 2022-04-24 20:49:35,611 basehttp 14636 18388 "POST /admin/login/?next=/admin/ HTTP/1.1" 200 12004
INFO 2022-04-24 20:49:57,135 basehttp 14636 18388 "POST /admin/login/?next=/admin/ HTTP/1.1" 200 12005
INFO 2022-04-24 20:50:14,640 basehttp 14636 18388 "POST /admin/login/?next=/admin/ HTTP/1.1" 200 12005
INFO 2022-04-24 20:53:35,850 autoreload 21992 45452 Watching for file changes with StatReloader
INFO 2022-04-24 20:53:54,876 basehttp 21992 37864 "POST /admin/login/?next=/admin/ HTTP/1.1" 302 0
INFO 2022-04-24 20:53:55,008 basehttp 21992 37864 "GET /admin/ HTTP/1.1" 200 14120
INFO 2022-04-24 20:54:12,337 basehttp 21992 37864 "GET /admin/project/projectrequirements/ HTTP/1.1" 200 19925
INFO 2022-04-24 20:54:12,472 basehttp 21992 37864 "GET /admin/jsi18n/ HTTP/1.1" 200 3195
INFO 2022-04-24 20:54:14,612 basehttp 21992 37864 "GET /admin/auth/user/ HTTP/1.1" 200 18802
INFO 2022-04-24 20:54:14,746 basehttp 21992 46560 "GET /admin/jsi18n/ HTTP/1.1" 200 3195
INFO 2022-04-24 20:54:18,357 basehttp 21992 37864 "GET /admin/auth/user/1/change/ HTTP/1.1" 200 26350
INFO 2022-04-24 20:54:18,409 basehttp 21992 37864 "GET /static/admin/js/calendar.js HTTP/1.1" 200 8466
INFO 2022-04-24 20:54:18,416 basehttp 21992 42592 "GET /static/admin/js/SelectBox.js HTTP/1.1" 200 4360
INFO 2022-04-24 20:54:18,416 basehttp 21992 43468 "GET /static/admin/js/admin/DateTimeShortcuts.js HTTP/1.1" 200 19634
INFO 2022-04-24 20:54:18,419 basehttp 21992 46436 "GET /static/admin/js/SelectFilter2.js HTTP/1.1" 200 12350
INFO 2022-04-24 20:54:18,495 basehttp 21992 46560 "GET /admin/jsi18n/ HTTP/1.1" 200 3195
INFO 2022-04-24 20:54:18,542 basehttp 21992 43468 "GET /static/admin/img/icon-unknown.svg HTTP/1.1" 200 655
INFO 2022-04-24 20:54:18,550 basehttp 21992 46436 "GET /static/admin/img/selector-icons.svg HTTP/1.1" 200 3291
INFO 2022-04-24 20:54:18,550 basehttp 21992 46560 "GET /static/admin/img/icon-calendar.svg HTTP/1.1" 200 1086
INFO 2022-04-24 20:54:18,550 basehttp 21992 42592 "GET /static/admin/img/icon-unknown-alt.svg HTTP/1.1" 200 655
INFO 2022-04-24 20:54:18,550 basehttp 21992 46348 "GET /static/admin/img/icon-clock.svg HTTP/1.1" 200 677
INFO 2022-04-24 20:55:23,931 basehttp 21992 37864 "GET /admin/auth/user/1/password/ HTTP/1.1" 200 15155
INFO 2022-04-24 20:55:54,481 basehttp 21992 37864 "POST /admin/auth/user/1/password/ HTTP/1.1" 302 0
INFO 2022-04-24 20:55:54,732 basehttp 21992 37864 "GET /admin/auth/user/1/change/ HTTP/1.1" 200 26486
INFO 2022-04-24 20:55:54,873 basehttp 21992 43468 "GET /admin/jsi18n/ HTTP/1.1" 200 3195
